TN:
SF:src/PE103/baseclase.ts
FN:5,(anonymous_0)
FN:11,(anonymous_1)
FN:13,(anonymous_2)
FN:22,(anonymous_3)
FN:24,(anonymous_4)
FNF:5
FNH:5
FNDA:2,(anonymous_0)
FNDA:4,(anonymous_1)
FNDA:20,(anonymous_2)
FNDA:4,(anonymous_3)
FNDA:16,(anonymous_4)
DA:3,1
DA:5,2
DA:6,2
DA:12,4
DA:13,4
DA:14,20
DA:15,12
DA:18,4
DA:23,4
DA:24,4
DA:25,16
DA:27,4
LF:12
LH:12
BRDA:14,0,0,12
BRDA:14,0,1,8
BRF:2
BRH:2
end_of_record
TN:
SF:src/PE103/filtermapaddreduce.ts
FN:6,(anonymous_0)
FN:10,(anonymous_1)
FN:12,(anonymous_2)
FN:18,(anonymous_3)
FN:19,(anonymous_4)
FN:20,(anonymous_5)
FNF:6
FNH:6
FNDA:1,(anonymous_0)
FNDA:2,(anonymous_1)
FNDA:8,(anonymous_2)
FNDA:1,(anonymous_3)
FNDA:5,(anonymous_4)
FNDA:3,(anonymous_5)
DA:1,1
DA:4,1
DA:6,1
DA:7,1
DA:11,2
DA:12,2
DA:13,8
DA:15,2
DA:19,5
DA:20,3
DA:21,1
LF:11
LH:11
BRF:0
BRH:0
end_of_record
TN:
SF:src/PE103/filtermapmultiplyreduce.ts
FN:6,(anonymous_0)
FN:10,(anonymous_1)
FN:12,(anonymous_2)
FN:18,(anonymous_3)
FN:19,(anonymous_4)
FN:20,(anonymous_5)
FNF:6
FNH:6
FNDA:1,(anonymous_0)
FNDA:2,(anonymous_1)
FNDA:8,(anonymous_2)
FNDA:1,(anonymous_3)
FNDA:5,(anonymous_4)
FNDA:3,(anonymous_5)
DA:1,1
DA:4,1
DA:6,1
DA:7,1
DA:11,2
DA:12,2
DA:13,8
DA:15,2
DA:19,5
DA:20,3
DA:21,1
LF:11
LH:11
BRF:0
BRH:0
end_of_record
